<?xml version="1.0" encoding="UTF-8"?>
<testng-results ignored="0" total="2" passed="2" failed="0" skipped="0">
  <reporter-output>
  </reporter-output>
  <suite started-at="2025-07-19T17:29:41 IST" name="Default suite" finished-at="2025-07-19T17:29:45 IST" duration-ms="4066">
    <groups>
    </groups>
    <test started-at="2025-07-19T17:29:41 IST" name="Default test" finished-at="2025-07-19T17:29:45 IST" duration-ms="4066">
      <class name="DynamicJson">
        <test-method signature="addBook(java.lang.String,java.lang.String)[pri:0, instance:DynamicJson@158a8276]" started-at="2025-07-19T17:29:41 IST" name="addBook" data-provider="BooksParameter" finished-at="2025-07-19T17:29:45 IST" duration-ms="3702" status="PASS">
          <params>
            <param index="0">
              <value>
                <![CDATA[AAA]]>
              </value>
            </param>
            <param index="1">
              <value>
                <![CDATA[111]]>
              </value>
            </param>
          </params>
          <reporter-output>
          </reporter-output>
        </test-method> <!-- addBook -->
        <test-method signature="addBook(java.lang.String,java.lang.String)[pri:0, instance:DynamicJson@158a8276]" started-at="2025-07-19T17:29:45 IST" name="addBook" data-provider="BooksParameter" finished-at="2025-07-19T17:29:45 IST" duration-ms="232" status="PASS">
          <params>
            <param index="0">
              <value>
                <![CDATA[BBB]]>
              </value>
            </param>
            <param index="1">
              <value>
                <![CDATA[222]]>
              </value>
            </param>
          </params>
          <reporter-output>
          </reporter-output>
        </test-method> <!-- addBook -->
      </class> <!-- DynamicJson -->
    </test> <!-- Default test -->
  </suite> <!-- Default suite -->
</testng-results>
